2024-05-22 13:55:16.797 [info] Log level: Info
2024-05-22 13:55:16.797 [info] Validating found git in: "git"
2024-05-22 13:55:16.797 [info] Using git "2.34.1" from "git"
2024-05-22 13:55:16.797 [info] > git rev-parse --show-toplevel [6ms]
2024-05-22 13:55:16.797 [info] fatal: not a git repository (or any of the parent directories): .git
2024-05-22 13:58:51.325 [info] > git rev-parse --show-toplevel [1ms]
2024-05-22 13:58:51.325 [info] fatal: not a git repository (or any of the parent directories): .git
2024-05-22 14:18:48.220 [info] > git rev-parse --show-toplevel [3ms]
2024-05-22 14:18:48.220 [info] fatal: not a git repository (or any of the parent directories): .git
2024-05-22 14:18:49.155 [info] > git rev-parse --show-toplevel [1ms]
2024-05-22 14:18:49.155 [info] fatal: not a git repository (or any of the parent directories): .git
2024-05-22 14:18:49.766 [info] > git rev-parse --show-toplevel [2ms]
2024-05-22 14:18:49.766 [info] fatal: not a git repository (or any of the parent directories): .git
2024-05-22 14:19:36.239 [info] > git rev-parse --show-toplevel [3ms]
2024-05-22 14:19:36.240 [info] fatal: not a git repository (or any of the parent directories): .git
2024-05-22 14:19:42.548 [info] > git rev-parse --show-toplevel [2ms]
2024-05-22 14:19:42.548 [info] fatal: not a git repository (or any of the parent directories): .git
2024-05-22 14:20:39.032 [info] > git rev-parse --show-toplevel [3ms]
2024-05-22 14:20:39.032 [info] fatal: not a git repository (or any of the parent directories): .git
2024-05-22 14:21:02.752 [info] > git rev-parse --show-toplevel [1ms]
2024-05-22 14:21:02.752 [info] fatal: not a git repository (or any of the parent directories): .git
2024-05-22 14:21:03.877 [info] > git rev-parse --show-toplevel [2ms]
2024-05-22 14:21:03.877 [info] fatal: not a git repository (or any of the parent directories): .git
2024-05-22 14:23:58.134 [info] > git rev-parse --show-toplevel [3ms]
2024-05-22 14:23:58.134 [info] fatal: not a git repository (or any of the parent directories): .git
2024-05-22 14:33:48.231 [info] > git rev-parse --show-toplevel [2ms]
2024-05-22 14:33:48.231 [info] fatal: not a git repository (or any of the parent directories): .git
2024-05-22 14:39:56.719 [info] > git rev-parse --show-toplevel [2ms]
2024-05-22 14:39:56.719 [info] fatal: not a git repository (or any of the parent directories): .git
2024-05-22 14:49:41.916 [info] > git rev-parse --show-toplevel [2ms]
2024-05-22 14:49:41.916 [info] fatal: not a git repository (or any of the parent directories): .git
2024-05-22 14:49:43.001 [info] > git rev-parse --show-toplevel [1ms]
2024-05-22 14:49:43.001 [info] fatal: not a git repository (or any of the parent directories): .git
2024-05-22 14:56:32.108 [info] > git rev-parse --show-toplevel [6ms]
2024-05-22 14:56:32.108 [info] fatal: not a git repository (or any of the parent directories): .git
2024-05-22 15:03:48.856 [info] > git rev-parse --show-toplevel [2ms]
2024-05-22 15:03:48.856 [info] fatal: not a git repository (or any of the parent directories): .git
2024-05-22 15:05:26.346 [info] > git rev-parse --show-toplevel [2ms]
2024-05-22 15:05:26.346 [info] fatal: not a git repository (or any of the parent directories): .git
2024-05-22 15:05:29.506 [info] > git rev-parse --show-toplevel [3ms]
2024-05-22 15:05:29.507 [info] fatal: not a git repository (or any of the parent directories): .git
2024-05-22 15:06:47.785 [info] > git rev-parse --show-toplevel [1ms]
2024-05-22 15:06:47.785 [info] fatal: not a git repository (or any of the parent directories): .git
2024-05-22 15:07:04.511 [info] > git rev-parse --show-toplevel [3ms]
2024-05-22 15:07:04.511 [info] fatal: not a git repository (or any of the parent directories): .git
2024-05-22 15:07:11.501 [info] > git rev-parse --show-toplevel [2ms]
2024-05-22 15:07:11.501 [info] fatal: not a git repository (or any of the parent directories): .git
2024-05-22 15:07:13.062 [info] > git rev-parse --show-toplevel [4ms]
2024-05-22 15:07:13.062 [info] fatal: not a git repository (or any of the parent directories): .git
2024-05-22 15:07:15.585 [info] > git rev-parse --show-toplevel [1ms]
2024-05-22 15:07:15.585 [info] fatal: not a git repository (or any of the parent directories): .git
2024-05-22 15:07:16.015 [info] > git rev-parse --show-toplevel [1ms]
2024-05-22 15:07:16.015 [info] fatal: not a git repository (or any of the parent directories): .git
2024-05-22 15:07:23.839 [info] > git rev-parse --show-toplevel [1ms]
2024-05-22 15:07:23.839 [info] fatal: not a git repository (or any of the parent directories): .git
2024-05-22 15:07:47.924 [info] > git rev-parse --show-toplevel [0ms]
2024-05-22 15:07:47.924 [info] fatal: not a git repository (or any of the parent directories): .git
2024-05-22 15:10:57.339 [info] > git rev-parse --show-toplevel [4ms]
2024-05-22 15:10:57.339 [info] fatal: not a git repository (or any of the parent directories): .git
2024-05-22 15:11:35.705 [info] > git rev-parse --show-toplevel [2ms]
2024-05-22 15:11:35.705 [info] fatal: not a git repository (or any of the parent directories): .git
2024-05-22 15:11:36.761 [info] > git rev-parse --show-toplevel [2ms]
2024-05-22 15:11:36.761 [info] fatal: not a git repository (or any of the parent directories): .git
2024-05-22 15:11:43.371 [info] > git rev-parse --show-toplevel [1ms]
2024-05-22 15:11:43.371 [info] fatal: not a git repository (or any of the parent directories): .git
2024-05-22 15:12:01.042 [info] > git rev-parse --show-toplevel [2ms]
2024-05-22 15:12:01.043 [info] fatal: not a git repository (or any of the parent directories): .git
2024-05-22 15:12:02.133 [info] > git rev-parse --show-toplevel [2ms]
2024-05-22 15:12:02.133 [info] fatal: not a git repository (or any of the parent directories): .git
2024-05-22 15:19:44.862 [info] > git rev-parse --show-toplevel [2ms]
2024-05-22 15:19:44.862 [info] fatal: not a git repository (or any of the parent directories): .git
2024-05-22 15:20:05.748 [info] > git rev-parse --show-toplevel [1ms]
2024-05-22 15:20:05.749 [info] fatal: not a git repository (or any of the parent directories): .git
2024-05-22 15:20:06.810 [info] > git rev-parse --show-toplevel [3ms]
2024-05-22 15:20:06.810 [info] fatal: not a git repository (or any of the parent directories): .git
2024-05-22 15:20:07.836 [info] > git rev-parse --show-toplevel [1ms]
2024-05-22 15:20:07.836 [info] fatal: not a git repository (or any of the parent directories): .git
2024-05-22 15:20:08.759 [info] > git rev-parse --show-toplevel [1ms]
2024-05-22 15:20:08.759 [info] fatal: not a git repository (or any of the parent directories): .git
2024-05-22 15:20:23.330 [info] > git rev-parse --show-toplevel [1ms]
2024-05-22 15:20:23.330 [info] fatal: not a git repository (or any of the parent directories): .git
2024-05-22 15:20:32.133 [info] > git rev-parse --show-toplevel [2ms]
2024-05-22 15:20:32.133 [info] fatal: not a git repository (or any of the parent directories): .git
2024-05-22 15:20:58.387 [info] > git rev-parse --show-toplevel [2ms]
2024-05-22 15:20:58.387 [info] fatal: not a git repository (or any of the parent directories): .git
2024-05-22 15:21:00.402 [info] > git rev-parse --show-toplevel [2ms]
2024-05-22 15:21:00.402 [info] fatal: not a git repository (or any of the parent directories): .git
2024-05-22 15:21:08.032 [info] > git rev-parse --show-toplevel [2ms]
2024-05-22 15:21:08.032 [info] fatal: not a git repository (or any of the parent directories): .git
2024-05-22 15:21:10.853 [info] > git rev-parse --show-toplevel [5ms]
2024-05-22 15:21:10.854 [info] fatal: not a git repository (or any of the parent directories): .git
2024-05-22 15:21:12.182 [info] > git rev-parse --show-toplevel [2ms]
2024-05-22 15:21:12.182 [info] fatal: not a git repository (or any of the parent directories): .git
2024-05-22 15:21:12.545 [info] > git rev-parse --show-toplevel [2ms]
2024-05-22 15:21:12.545 [info] fatal: not a git repository (or any of the parent directories): .git
2024-05-22 15:21:18.509 [info] > git rev-parse --show-toplevel [1ms]
2024-05-22 15:21:18.509 [info] fatal: not a git repository (or any of the parent directories): .git
2024-05-22 15:21:35.202 [info] > git rev-parse --show-toplevel [2ms]
2024-05-22 15:21:35.202 [info] fatal: not a git repository (or any of the parent directories): .git
2024-05-22 15:21:49.452 [info] > git rev-parse --show-toplevel [2ms]
2024-05-22 15:21:49.452 [info] fatal: not a git repository (or any of the parent directories): .git
2024-05-22 15:22:20.346 [info] > git rev-parse --show-toplevel [1ms]
2024-05-22 15:22:20.346 [info] fatal: not a git repository (or any of the parent directories): .git
2024-05-22 15:22:31.613 [info] > git rev-parse --show-toplevel [2ms]
2024-05-22 15:22:31.613 [info] fatal: not a git repository (or any of the parent directories): .git
2024-05-22 15:22:38.904 [info] > git rev-parse --show-toplevel [2ms]
2024-05-22 15:22:38.905 [info] fatal: not a git repository (or any of the parent directories): .git
2024-05-22 15:22:45.841 [info] > git rev-parse --show-toplevel [1ms]
2024-05-22 15:22:45.841 [info] fatal: not a git repository (or any of the parent directories): .git
2024-05-22 15:22:47.310 [info] > git rev-parse --show-toplevel [2ms]
2024-05-22 15:22:47.310 [info] fatal: not a git repository (or any of the parent directories): .git
2024-05-22 15:22:52.009 [info] > git rev-parse --show-toplevel [1ms]
2024-05-22 15:22:52.009 [info] fatal: not a git repository (or any of the parent directories): .git
2024-05-22 15:22:52.925 [info] > git rev-parse --show-toplevel [1ms]
2024-05-22 15:22:52.925 [info] fatal: not a git repository (or any of the parent directories): .git
2024-05-22 15:22:57.395 [info] > git rev-parse --show-toplevel [7ms]
2024-05-22 15:22:57.395 [info] fatal: not a git repository (or any of the parent directories): .git
2024-05-22 15:22:58.848 [info] > git rev-parse --show-toplevel [4ms]
2024-05-22 15:22:58.848 [info] fatal: not a git repository (or any of the parent directories): .git
2024-05-22 15:23:03.056 [info] > git rev-parse --show-toplevel [2ms]
2024-05-22 15:23:03.056 [info] fatal: not a git repository (or any of the parent directories): .git
2024-05-22 15:23:05.585 [info] > git rev-parse --show-toplevel [4ms]
2024-05-22 15:23:05.586 [info] fatal: not a git repository (or any of the parent directories): .git
